17:46:22.896 [main] INFO  com.intuit.karate - karate.env system property was:  
17:46:23.369 [main] DEBUG com.intuit.karate - request:
1 > GET https://jsonplaceholder.typicode.com/users
1 > Accept-Encoding: gzip,deflate
1 > Connection: Keep-Alive
1 > Host: jsonplaceholder.typicode.com
1 > User-Agent: Apache-HttpClient/4.5.12 (Java/1.8.0_231)

17:46:23.939 [main] DEBUG com.intuit.karate - response time in milliseconds: 564.98
1 < 200
1 < Access-Control-Allow-Credentials: true
1 < Age: 190
1 < CF-Cache-Status: HIT
1 < CF-RAY: 6097667378f8b3ca-IAH
1 < Cache-Control: max-age=43200
1 < Connection: keep-alive
1 < Content-Type: application/json; charset=utf-8
1 < Date: Tue, 29 Dec 2020 23:46:23 GMT
1 < Etag: W/"160d-1eMSsxeJRfnVLRBmYJSbCiJZ1qQ"
1 < Expect-CT: max-age=604800, report-uri="https://report-uri.cloudflare.com/cdn-cgi/beacon/expect-ct"
1 < Expires: -1
1 < NEL: {"report_to":"cf-nel","max_age":604800}
1 < Pragma: no-cache
1 < Report-To: {"endpoints":[{"url":"https:\/\/a.nel.cloudflare.com\/report?s=mHXuAVr3RfMRb%2BPTvdjOVYlpeN2usOOLkvNjl8y5Lvf7N6dznbw5551JYSCu8pKWN%2Ftg0rnd%2FY3eXSOsZ2HjzRd3za1KBHWCFPbmfUTYBbUrAkioxdFeYCmw7Na2"}],"group":"cf-nel","max_age":604800}
1 < Server: cloudflare
1 < Set-Cookie: __cfduid=de63785ee904a354b15fd66357f3521eb1609285583; expires=Thu, 28-Jan-21 23:46:23 GMT; path=/; domain=.typicode.com; HttpOnly; SameSite=Lax
1 < Transfer-Encoding: chunked
1 < Vary: Origin, Accept-Encoding
1 < Via: 1.1 vegur
1 < X-Content-Type-Options: nosniff
1 < X-Powered-By: Express
1 < X-Ratelimit-Limit: 1000
1 < X-Ratelimit-Remaining: 999
1 < X-Ratelimit-Reset: 1609207175
1 < cf-request-id: 07527e5c2f0000b3cacb980000000001
[
  {
    "id": 1,
    "name": "Leanne Graham",
    "username": "Bret",
    "email": "Sincere@april.biz",
    "address": {
      "street": "Kulas Light",
      "suite": "Apt. 556",
      "city": "Gwenborough",
      "zipcode": "92998-3874",
      "geo": {
        "lat": "-37.3159",
        "lng": "81.1496"
      }
    },
    "phone": "1-770-736-8031 x56442",
    "website": "hildegard.org",
    "company": {
      "name": "Romaguera-Crona",
      "catchPhrase": "Multi-layered client-server neural-net",
      "bs": "harness real-time e-markets"
    }
  },
  {
    "id": 2,
    "name": "Ervin Howell",
    "username": "Antonette",
    "email": "Shanna@melissa.tv",
    "address": {
      "street": "Victor Plains",
      "suite": "Suite 879",
      "city": "Wisokyburgh",
      "zipcode": "90566-7771",
      "geo": {
        "lat": "-43.9509",
        "lng": "-34.4618"
      }
    },
    "phone": "010-692-6593 x09125",
    "website": "anastasia.net",
    "company": {
      "name": "Deckow-Crist",
      "catchPhrase": "Proactive didactic contingency",
      "bs": "synergize scalable supply-chains"
    }
  },
  {
    "id": 3,
    "name": "Clementine Bauch",
    "username": "Samantha",
    "email": "Nathan@yesenia.net",
    "address": {
      "street": "Douglas Extension",
      "suite": "Suite 847",
      "city": "McKenziehaven",
      "zipcode": "59590-4157",
      "geo": {
        "lat": "-68.6102",
        "lng": "-47.0653"
      }
    },
    "phone": "1-463-123-4447",
    "website": "ramiro.info",
    "company": {
      "name": "Romaguera-Jacobson",
      "catchPhrase": "Face to face bifurcated interface",
      "bs": "e-enable strategic applications"
    }
  },
  {
    "id": 4,
    "name": "Patricia Lebsack",
    "username": "Karianne",
    "email": "Julianne.OConner@kory.org",
    "address": {
      "street": "Hoeger Mall",
      "suite": "Apt. 692",
      "city": "South Elvis",
      "zipcode": "53919-4257",
      "geo": {
        "lat": "29.4572",
        "lng": "-164.2990"
      }
    },
    "phone": "493-170-9623 x156",
    "website": "kale.biz",
    "company": {
      "name": "Robel-Corkery",
      "catchPhrase": "Multi-tiered zero tolerance productivity",
      "bs": "transition cutting-edge web services"
    }
  },
  {
    "id": 5,
    "name": "Chelsey Dietrich",
    "username": "Kamren",
    "email": "Lucio_Hettinger@annie.ca",
    "address": {
      "street": "Skiles Walks",
      "suite": "Suite 351",
      "city": "Roscoeview",
      "zipcode": "33263",
      "geo": {
        "lat": "-31.8129",
        "lng": "62.5342"
      }
    },
    "phone": "(254)954-1289",
    "website": "demarco.info",
    "company": {
      "name": "Keebler LLC",
      "catchPhrase": "User-centric fault-tolerant solution",
      "bs": "revolutionize end-to-end systems"
    }
  },
  {
    "id": 6,
    "name": "Mrs. Dennis Schulist",
    "username": "Leopoldo_Corkery",
    "email": "Karley_Dach@jasper.info",
    "address": {
      "street": "Norberto Crossing",
      "suite": "Apt. 950",
      "city": "South Christy",
      "zipcode": "23505-1337",
      "geo": {
        "lat": "-71.4197",
        "lng": "71.7478"
      }
    },
    "phone": "1-477-935-8478 x6430",
    "website": "ola.org",
    "company": {
      "name": "Considine-Lockman",
      "catchPhrase": "Synchronised bottom-line interface",
      "bs": "e-enable innovative applications"
    }
  },
  {
    "id": 7,
    "name": "Kurtis Weissnat",
    "username": "Elwyn.Skiles",
    "email": "Telly.Hoeger@billy.biz",
    "address": {
      "street": "Rex Trail",
      "suite": "Suite 280",
      "city": "Howemouth",
      "zipcode": "58804-1099",
      "geo": {
        "lat": "24.8918",
        "lng": "21.8984"
      }
    },
    "phone": "210.067.6132",
    "website": "elvis.io",
    "company": {
      "name": "Johns Group",
      "catchPhrase": "Configurable multimedia task-force",
      "bs": "generate enterprise e-tailers"
    }
  },
  {
    "id": 8,
    "name": "Nicholas Runolfsdottir V",
    "username": "Maxime_Nienow",
    "email": "Sherwood@rosamond.me",
    "address": {
      "street": "Ellsworth Summit",
      "suite": "Suite 729",
      "city": "Aliyaview",
      "zipcode": "45169",
      "geo": {
        "lat": "-14.3990",
        "lng": "-120.7677"
      }
    },
    "phone": "586.493.6943 x140",
    "website": "jacynthe.com",
    "company": {
      "name": "Abernathy Group",
      "catchPhrase": "Implemented secondary concept",
      "bs": "e-enable extensible e-tailers"
    }
  },
  {
    "id": 9,
    "name": "Glenna Reichert",
    "username": "Delphine",
    "email": "Chaim_McDermott@dana.io",
    "address": {
      "street": "Dayna Park",
      "suite": "Suite 449",
      "city": "Bartholomebury",
      "zipcode": "76495-3109",
      "geo": {
        "lat": "24.6463",
        "lng": "-168.8889"
      }
    },
    "phone": "(775)976-6794 x41206",
    "website": "conrad.com",
    "company": {
      "name": "Yost and Sons",
      "catchPhrase": "Switchable contextually-based project",
      "bs": "aggregate real-time technologies"
    }
  },
  {
    "id": 10,
    "name": "Clementina DuBuque",
    "username": "Moriah.Stanton",
    "email": "Rey.Padberg@karina.biz",
    "address": {
      "street": "Kattie Turnpike",
      "suite": "Suite 198",
      "city": "Lebsackbury",
      "zipcode": "31428-2261",
      "geo": {
        "lat": "-38.2386",
        "lng": "57.2232"
      }
    },
    "phone": "024-648-3804",
    "website": "ambrose.net",
    "company": {
      "name": "Hoeger LLC",
      "catchPhrase": "Centralized empowering task-force",
      "bs": "target end-to-end models"
    }
  }
]

17:46:23.992 [main] DEBUG com.intuit.karate - request:
2 > GET https://jsonplaceholder.typicode.com/users/1
2 > Accept-Encoding: gzip,deflate
2 > Connection: Keep-Alive
2 > Cookie: __cfduid=de63785ee904a354b15fd66357f3521eb1609285583
2 > Host: jsonplaceholder.typicode.com
2 > User-Agent: Apache-HttpClient/4.5.12 (Java/1.8.0_231)

17:46:24.242 [main] DEBUG com.intuit.karate - response time in milliseconds: 248.91
2 < 200
2 < CF-Cache-Status: REVALIDATED
2 < CF-RAY: 6097667489a2fece-IAH
2 < Connection: keep-alive
2 < Content-Type: application/json; charset=utf-8
2 < Date: Tue, 29 Dec 2020 23:46:24 GMT
2 < Expect-CT: max-age=604800, report-uri="https://report-uri.cloudflare.com/cdn-cgi/beacon/expect-ct"
2 < NEL: {"report_to":"cf-nel","max_age":604800}
2 < Report-To: {"endpoints":[{"url":"https:\/\/a.nel.cloudflare.com\/report?s=1enqnhFeFT1orj73IsUGeWJVX33xScFMGO9yw3t8nBaLDRtDAwviV6VXa9kVnBC%2B2LNSSRDxKLhEsIwO7DmDNzxxsKIrAA3ePL3wvkgclxOqtaUo5sphm%2F49WYL1"}],"group":"cf-nel","max_age":604800}
2 < Server: cloudflare
2 < Transfer-Encoding: chunked
2 < access-control-allow-credentials: true
2 < cache-control: max-age=43200
2 < cf-request-id: 07527e5cd50000fecedb867000000001
2 < etag: W/"1fd-+2Y3G3w049iSZtw5t1mzSnunngE"
2 < expires: -1
2 < pragma: no-cache
2 < vary: Origin, Accept-Encoding
2 < via: 1.1 vegur
2 < x-content-type-options: nosniff
2 < x-powered-by: Express
2 < x-ratelimit-limit: 1000
2 < x-ratelimit-remaining: 995
2 < x-ratelimit-reset: 1609201475
{
  "id": 1,
  "name": "Leanne Graham",
  "username": "Bret",
  "email": "Sincere@april.biz",
  "address": {
    "street": "Kulas Light",
    "suite": "Apt. 556",
    "city": "Gwenborough",
    "zipcode": "92998-3874",
    "geo": {
      "lat": "-37.3159",
      "lng": "81.1496"
    }
  },
  "phone": "1-770-736-8031 x56442",
  "website": "hildegard.org",
  "company": {
    "name": "Romaguera-Crona",
    "catchPhrase": "Multi-layered client-server neural-net",
    "bs": "harness real-time e-markets"
  }
}

17:46:24.300 [main] INFO  com.intuit.karate - karate.env system property was:  
17:46:24.318 [main] DEBUG com.intuit.karate - request:
1 > POST https://jsonplaceholder.typicode.com/users
1 > Accept-Encoding: gzip,deflate
1 > Connection: Keep-Alive
1 > Content-Length: 160
1 > Content-Type: application/json; charset=UTF-8
1 > Host: jsonplaceholder.typicode.com
1 > User-Agent: Apache-HttpClient/4.5.12 (Java/1.8.0_231)
{"name":"Test User","username":"testuser","email":"test@user.com","address":{"street":"Has No Name","suite":"Apt. 123","city":"Electri","zipcode":"54321-6789"}}

17:46:24.507 [main] DEBUG com.intuit.karate - response time in milliseconds: 185.08
1 < 201
1 < Access-Control-Allow-Credentials: true
1 < Access-Control-Expose-Headers: Location
1 < CF-Cache-Status: DYNAMIC
1 < CF-RAY: 609766769ce2fed6-IAH
1 < Cache-Control: no-cache
1 < Connection: keep-alive
1 < Content-Length: 216
1 < Content-Type: application/json; charset=utf-8
1 < Date: Tue, 29 Dec 2020 23:46:24 GMT
1 < Etag: W/"d8-pYV7+YuMGP2hxHPU9ARrf97ifDA"
1 < Expect-CT: max-age=604800, report-uri="https://report-uri.cloudflare.com/cdn-cgi/beacon/expect-ct"
1 < Expires: -1
1 < Location: http://jsonplaceholder.typicode.com/users/11
1 < NEL: {"report_to":"cf-nel","max_age":604800}
1 < Pragma: no-cache
1 < Report-To: {"endpoints":[{"url":"https:\/\/a.nel.cloudflare.com\/report?s=HZtJvu%2BrPHWSsAC%2F0Vm2dLOAEA2AcFN4uV5%2F5y1npsbJ5bu5sifdIq6aD16mzMd7qWqRt0KcLdNiGen2YvLPKnEH4cnje8BgAgBaGFrwu%2FyVqFcUT4%2FI8QUKzSpP"}],"group":"cf-nel","max_age":604800}
1 < Server: cloudflare
1 < Set-Cookie: __cfduid=df536657d3ae9d1d924b2d1c5897e42931609285584; expires=Thu, 28-Jan-21 23:46:24 GMT; path=/; domain=.typicode.com; HttpOnly; SameSite=Lax
1 < Vary: Origin, X-HTTP-Method-Override, Accept-Encoding
1 < Via: 1.1 vegur
1 < X-Content-Type-Options: nosniff
1 < X-Powered-By: Express
1 < X-Ratelimit-Limit: 1000
1 < X-Ratelimit-Remaining: 998
1 < X-Ratelimit-Reset: 1609285604
1 < cf-request-id: 07527e5e1e0000fed6bdad3000000001
{
  "name": "Test User",
  "username": "testuser",
  "email": "test@user.com",
  "address": {
    "street": "Has No Name",
    "suite": "Apt. 123",
    "city": "Electri",
    "zipcode": "54321-6789"
  },
  "id": 11
}

17:46:24.515 [main] INFO  com.intuit.karate - [print] created id is:  11
19:25:05.863 [main] INFO  com.intuit.karate.Runner - waiting for parallel features to complete ...
19:25:05.877 [pool-1-thread-1] INFO  com.intuit.karate - found scenario at line: 5 - ^Get city info using zipcode$
19:25:06.179 [ForkJoinPool-1-worker-1] INFO  com.intuit.karate - karate.env system property was:  
19:25:06.796 [ForkJoinPool-1-worker-1] DEBUG com.intuit.karate - request:
1 > GET https://api.zippopotam.us/us/22030
1 > Accept-Encoding: gzip,deflate
1 > Connection: Keep-Alive
1 > Host: api.zippopotam.us
1 > User-Agent: Apache-HttpClient/4.5.12 (Java/1.8.0_231)

19:25:07.184 [ForkJoinPool-1-worker-1] DEBUG com.intuit.karate - response time in milliseconds: 385.34
1 < 200
1 < CF-Cache-Status: DYNAMIC
1 < CF-RAY: 6097f70f98abfece-IAH
1 < Connection: keep-alive
1 < Content-Type: application/json
1 < Date: Wed, 30 Dec 2020 01:25:07 GMT
1 < Expect-CT: max-age=604800, report-uri="https://report-uri.cloudflare.com/cdn-cgi/beacon/expect-ct"
1 < NEL: {"report_to":"cf-nel","max_age":604800}
1 < Report-To: {"endpoints":[{"url":"https:\/\/a.nel.cloudflare.com\/report?s=ZOinDXdUF8odY6%2BQtlz%2BpgISPCIRT2EqGAm9mYTOX3Y9Tr1xY4UEGYsHxNCbbXGTHv6YPcOJMYEoeZ7HBxfxmv2ovolp1G2AC3Kvg2SDYbksEA%3D%3D"}],"group":"cf-nel","max_age":604800}
1 < Server: cloudflare
1 < Set-Cookie: __cfduid=d212efc1e4a3ef07373da0f78624de85b1609291507; expires=Fri, 29-Jan-21 01:25:07 GMT; path=/; domain=.zippopotam.us; HttpOnly; SameSite=Lax
1 < Transfer-Encoding: chunked
1 < access-control-allow-origin: *
1 < cf-request-id: 0752d8bdc20000fece763b4000000001
1 < charset: UTF-8
1 < vary: Accept-Encoding
1 < x-cache: hit
{"post code": "22030", "country": "United States", "country abbreviation": "US", "places": [{"place name": "Fairfax", "longitude": "-77.3242", "state": "Virginia", "state abbreviation": "VA", "latitude": "38.8458"}]}

19:25:07.267 [pool-1-thread-1] INFO  com.intuit.karate.Runner - <<pass>> feature 1 of 1: src/test/java/examples/zippopotam/zipcode.feature
19:32:15.841 [pool-1-thread-1] INFO  com.intuit.karate - found scenario at line: 3 - ^Simple assertion for number$
19:32:15.839 [main] INFO  com.intuit.karate.Runner - waiting for parallel features to complete ...
19:32:16.145 [ForkJoinPool-1-worker-1] INFO  com.intuit.karate - karate.env system property was:  
19:32:16.451 [pool-1-thread-1] INFO  com.intuit.karate.Runner - <<pass>> feature 1 of 1: src/test/java/examples/practice/assertion_practice.feature
20:01:33.432 [main] INFO  com.intuit.karate.Runner - waiting for parallel features to complete ...
20:01:33.458 [pool-1-thread-1] INFO  com.intuit.karate - found scenario at line: 25 - ^Working with Simple Json$
20:01:33.815 [ForkJoinPool-1-worker-1] INFO  com.intuit.karate - karate.env system property was:  
20:01:33.982 [ForkJoinPool-1-worker-1] INFO  com.intuit.karate - [print] Whole Json is  {
  "name": "Tucky",
  "nums": [
    99,
    88,
    54
  ]
}

20:01:34.078 [ForkJoinPool-1-worker-1] INFO  com.intuit.karate - [print] The name is  Tucky
20:01:34.128 [ForkJoinPool-1-worker-1] INFO  com.intuit.karate - [print] The Second Number in the json is  88
20:01:34.266 [pool-1-thread-1] INFO  com.intuit.karate.Runner - <<pass>> feature 1 of 1: src/test/java/examples/practice/assertion_practice.feature
20:16:29.223 [main] INFO  com.intuit.karate.Runner - waiting for parallel features to complete ...
20:16:29.563 [ForkJoinPool-1-worker-1] INFO  com.intuit.karate - karate.env system property was:  
20:16:30.161 [ForkJoinPool-1-worker-1] DEBUG com.intuit.karate - request:
1 > GET http://52.201.187.226:8000/spartans/api/hello
1 > Accept-Encoding: gzip,deflate
1 > Connection: Keep-Alive
1 > Host: 52.201.187.226:8000
1 > User-Agent: Apache-HttpClient/4.5.12 (Java/1.8.0_231)

20:16:30.534 [ForkJoinPool-1-worker-1] DEBUG com.intuit.karate - response time in milliseconds: 371.43
1 < 404
1 < Connection: keep-alive
1 < Content-Type: application/json
1 < Date: Wed, 30 Dec 2020 02:16:28 GMT
1 < Keep-Alive: timeout=60
1 < Transfer-Encoding: chunked
1 < Vary: [Origin, Access-Control-Request-Method, Access-Control-Request-Headers]
{"timestamp":"2020-12-30T02:16:29.410+00:00","status":404,"error":"Not Found","message":"","path":"/spartans/api/hello"}

20:16:30.540 [ForkJoinPool-1-worker-1] ERROR com.intuit.karate - status code was: 404, expected: 200, response time: 371, url: http://52.201.187.226:8000/spartans/api/hello, response: {"path":"/spartans/api/hello","error":"Not Found","message":"","timestamp":"2020-12-30T02:16:29.410+00:00","status":404}
20:16:30.624 [pool-1-thread-1] INFO  com.intuit.karate.Runner - <<fail>> feature 1 of 1: src/test/java/examples/spartans/spartans_actions.feature
20:17:32.053 [main] INFO  com.intuit.karate.Runner - waiting for parallel features to complete ...
20:17:32.383 [ForkJoinPool-1-worker-1] INFO  com.intuit.karate - karate.env system property was:  
20:17:32.966 [ForkJoinPool-1-worker-1] DEBUG com.intuit.karate - request:
1 > GET http://52.201.187.226:8000/api/hello
1 > Accept-Encoding: gzip,deflate
1 > Connection: Keep-Alive
1 > Host: 52.201.187.226:8000
1 > User-Agent: Apache-HttpClient/4.5.12 (Java/1.8.0_231)

20:17:33.485 [ForkJoinPool-1-worker-1] DEBUG com.intuit.karate - response time in milliseconds: 517.13
1 < 200
1 < Connection: keep-alive
1 < Content-Length: 17
1 < Content-Type: text/plain;charset=UTF-8
1 < Date: Wed, 30 Dec 2020 02:17:32 GMT
1 < Keep-Alive: timeout=60
Hello from Sparta

20:17:33.599 [pool-1-thread-1] INFO  com.intuit.karate.Runner - <<pass>> feature 1 of 1: src/test/java/examples/spartans/spartans_actions.feature
20:19:15.369 [main] INFO  com.intuit.karate.Runner - waiting for parallel features to complete ...
20:19:15.715 [ForkJoinPool-1-worker-1] INFO  com.intuit.karate - karate.env system property was:  
20:19:16.814 [ForkJoinPool-1-worker-1] DEBUG com.intuit.karate - request:
1 > GET http://52.201.187.226:8000/api/hello
1 > Accept-Encoding: gzip,deflate
1 > Connection: Keep-Alive
1 > Host: 52.201.187.226:8000
1 > User-Agent: Apache-HttpClient/4.5.12 (Java/1.8.0_231)

20:19:17.228 [ForkJoinPool-1-worker-1] DEBUG com.intuit.karate - response time in milliseconds: 412.26
1 < 200
1 < Connection: keep-alive
1 < Content-Length: 17
1 < Content-Type: text/plain;charset=UTF-8
1 < Date: Wed, 30 Dec 2020 02:19:16 GMT
1 < Keep-Alive: timeout=60
Hello from Sparta

20:19:17.230 [ForkJoinPool-1-worker-1] INFO  com.intuit.karate - [print] Hello from Sparta
20:19:17.413 [pool-1-thread-1] INFO  com.intuit.karate.Runner - <<pass>> feature 1 of 1: src/test/java/examples/spartans/spartans_actions.feature
20:31:06.494 [pool-1-thread-1] INFO  com.intuit.karate - found scenario at line: 7 - ^User should be able to call \/api\/hello to get greating$
20:31:06.494 [main] INFO  com.intuit.karate.Runner - waiting for parallel features to complete ...
20:31:06.842 [ForkJoinPool-1-worker-1] INFO  com.intuit.karate - karate.env system property was:  
20:31:07.575 [ForkJoinPool-1-worker-1] DEBUG com.intuit.karate - request:
1 > GET http://52.201.187.226:8000/api/hello
1 > Accept-Encoding: gzip,deflate
1 > Connection: Keep-Alive
1 > Host: 52.201.187.226:8000
1 > User-Agent: Apache-HttpClient/4.5.12 (Java/1.8.0_231)

20:31:07.945 [ForkJoinPool-1-worker-1] DEBUG com.intuit.karate - response time in milliseconds: 368.74
1 < 200
1 < Connection: keep-alive
1 < Content-Length: 17
1 < Content-Type: text/plain;charset=UTF-8
1 < Date: Wed, 30 Dec 2020 02:31:06 GMT
1 < Keep-Alive: timeout=60
Hello from Sparta

20:31:07.959 [ForkJoinPool-1-worker-1] ERROR com.intuit.karate - assertion failed: assert evaluated to false: response = 'Hello from Sparta'
20:31:08.065 [pool-1-thread-1] INFO  com.intuit.karate.Runner - <<fail>> feature 1 of 1: src/test/java/examples/spartans/spartans_actions.feature
20:31:36.630 [main] INFO  com.intuit.karate.Runner - waiting for parallel features to complete ...
20:31:36.645 [pool-1-thread-1] INFO  com.intuit.karate - found scenario at line: 7 - ^User should be able to call \/api\/hello to get greating$
20:31:36.982 [ForkJoinPool-1-worker-1] INFO  com.intuit.karate - karate.env system property was:  
20:31:37.668 [ForkJoinPool-1-worker-1] DEBUG com.intuit.karate - request:
1 > GET http://52.201.187.226:8000/api/hello
1 > Accept-Encoding: gzip,deflate
1 > Connection: Keep-Alive
1 > Host: 52.201.187.226:8000
1 > User-Agent: Apache-HttpClient/4.5.12 (Java/1.8.0_231)

20:31:38.012 [ForkJoinPool-1-worker-1] DEBUG com.intuit.karate - response time in milliseconds: 341.64
1 < 200
1 < Connection: keep-alive
1 < Content-Length: 17
1 < Content-Type: text/plain;charset=UTF-8
1 < Date: Wed, 30 Dec 2020 02:31:36 GMT
1 < Keep-Alive: timeout=60
Hello from Sparta

20:31:38.099 [pool-1-thread-1] INFO  com.intuit.karate.Runner - <<fail>> feature 1 of 1: src/test/java/examples/spartans/spartans_actions.feature
20:32:04.417 [pool-1-thread-1] INFO  com.intuit.karate - found scenario at line: 7 - ^User should be able to call \/api\/hello to get greating$
20:32:04.417 [main] INFO  com.intuit.karate.Runner - waiting for parallel features to complete ...
20:32:04.716 [ForkJoinPool-1-worker-1] INFO  com.intuit.karate - karate.env system property was:  
20:32:05.391 [ForkJoinPool-1-worker-1] DEBUG com.intuit.karate - request:
1 > GET http://52.201.187.226:8000/api/hello
1 > Accept-Encoding: gzip,deflate
1 > Connection: Keep-Alive
1 > Host: 52.201.187.226:8000
1 > User-Agent: Apache-HttpClient/4.5.12 (Java/1.8.0_231)

20:32:05.728 [ForkJoinPool-1-worker-1] DEBUG com.intuit.karate - response time in milliseconds: 333.26
1 < 200
1 < Connection: keep-alive
1 < Content-Length: 17
1 < Content-Type: text/plain;charset=UTF-8
1 < Date: Wed, 30 Dec 2020 02:32:04 GMT
1 < Keep-Alive: timeout=60
Hello from Sparta

20:32:05.827 [pool-1-thread-1] INFO  com.intuit.karate.Runner - <<pass>> feature 1 of 1: src/test/java/examples/spartans/spartans_actions.feature
20:41:57.855 [main] INFO  com.intuit.karate.Runner - waiting for parallel features to complete ...
20:41:57.894 [pool-1-thread-1] INFO  com.intuit.karate - found scenario at line: 22 - ^Spartan Crud Operation$
20:41:58.196 [ForkJoinPool-1-worker-1] INFO  com.intuit.karate - karate.env system property was:  
20:41:58.537 [pool-1-thread-1] INFO  com.intuit.karate.Runner - <<fail>> feature 1 of 1: src/test/java/examples/spartans/spartans_actions.feature
20:45:11.474 [main] INFO  com.intuit.karate.Runner - waiting for parallel features to complete ...
20:45:11.500 [pool-1-thread-1] INFO  com.intuit.karate - found scenario at line: 22 - ^Spartan Crud Operation$
20:45:11.858 [ForkJoinPool-1-worker-1] INFO  com.intuit.karate - karate.env system property was:  
20:45:12.171 [pool-1-thread-1] INFO  com.intuit.karate.Runner - <<fail>> feature 1 of 1: src/test/java/examples/spartans/spartans_actions.feature
20:45:28.840 [main] INFO  com.intuit.karate.Runner - waiting for parallel features to complete ...
20:45:29.198 [ForkJoinPool-1-worker-1] INFO  com.intuit.karate - karate.env system property was:  
20:45:30.138 [ForkJoinPool-1-worker-1] DEBUG com.intuit.karate - request:
1 > GET http://52.201.187.226:8000/api/hello
1 > Accept-Encoding: gzip,deflate
1 > Connection: Keep-Alive
1 > Host: 52.201.187.226:8000
1 > User-Agent: Apache-HttpClient/4.5.12 (Java/1.8.0_231)

20:45:30.640 [ForkJoinPool-1-worker-1] DEBUG com.intuit.karate - response time in milliseconds: 499.23
1 < 200
1 < Connection: keep-alive
1 < Content-Length: 17
1 < Content-Type: text/plain;charset=UTF-8
1 < Date: Wed, 30 Dec 2020 02:45:29 GMT
1 < Keep-Alive: timeout=60
Hello from Sparta

20:45:30.700 [ForkJoinPool-1-worker-1] INFO  com.intuit.karate - karate.env system property was:  
20:45:30.744 [ForkJoinPool-1-worker-1] DEBUG com.intuit.karate - request:
1 > POST http://52.201.187.226:8000/api/spartans
1 > Accept-Encoding: gzip,deflate
1 > Connection: Keep-Alive
1 > Content-Length: 51
1 > Content-Type: application/json; charset=UTF-8
1 > Host: 52.201.187.226:8000
1 > User-Agent: Apache-HttpClient/4.5.12 (Java/1.8.0_231)
{"name":"Tucky","gender":"Male","phone":1231231234}

20:45:30.868 [ForkJoinPool-1-worker-1] DEBUG com.intuit.karate - response time in milliseconds: 123.79
1 < 201
1 < Connection: keep-alive
1 < Content-Type: application/json
1 < Date: Wed, 30 Dec 2020 02:45:29 GMT
1 < Keep-Alive: timeout=60
1 < Location: http://52.201.187.226:8000/api/spartans/244
1 < Transfer-Encoding: chunked
{"success":"A Spartan is Born!","data":{"id":244,"name":"Tucky","gender":"Male","phone":1231231234}}

20:45:31.027 [pool-1-thread-1] INFO  com.intuit.karate.Runner - <<pass>> feature 1 of 1: src/test/java/examples/spartans/spartans_actions.feature
20:52:43.711 [main] INFO  com.intuit.karate.Runner - waiting for parallel features to complete ...
20:52:44.048 [ForkJoinPool-1-worker-1] INFO  com.intuit.karate - karate.env system property was:  
20:52:44.828 [ForkJoinPool-1-worker-1] DEBUG com.intuit.karate - request:
1 > GET http://52.201.187.226:8000/api/hello
1 > Accept-Encoding: gzip,deflate
1 > Connection: Keep-Alive
1 > Host: 52.201.187.226:8000
1 > User-Agent: Apache-HttpClient/4.5.12 (Java/1.8.0_231)

20:52:45.293 [ForkJoinPool-1-worker-1] DEBUG com.intuit.karate - response time in milliseconds: 457.05
1 < 200
1 < Connection: keep-alive
1 < Content-Length: 17
1 < Content-Type: text/plain;charset=UTF-8
1 < Date: Wed, 30 Dec 2020 02:52:43 GMT
1 < Keep-Alive: timeout=60
Hello from Sparta

20:52:45.329 [ForkJoinPool-1-worker-1] INFO  com.intuit.karate - karate.env system property was:  
20:52:45.369 [ForkJoinPool-1-worker-1] DEBUG com.intuit.karate - request:
1 > POST http://52.201.187.226:8000/api/spartans
1 > Accept-Encoding: gzip,deflate
1 > Connection: Keep-Alive
1 > Content-Length: 51
1 > Content-Type: application/json; charset=UTF-8
1 > Host: 52.201.187.226:8000
1 > User-Agent: Apache-HttpClient/4.5.12 (Java/1.8.0_231)
{"name":"Tucky","gender":"Male","phone":1231231234}

20:52:45.481 [ForkJoinPool-1-worker-1] DEBUG com.intuit.karate - response time in milliseconds: 110.48
1 < 201
1 < Connection: keep-alive
1 < Content-Type: application/json
1 < Date: Wed, 30 Dec 2020 02:52:44 GMT
1 < Keep-Alive: timeout=60
1 < Location: http://52.201.187.226:8000/api/spartans/450
1 < Transfer-Encoding: chunked
{"success":"A Spartan is Born!","data":{"id":450,"name":"Tucky","gender":"Male","phone":1231231234}}

20:52:45.504 [ForkJoinPool-1-worker-1] DEBUG com.intuit.karate - request:
2 > GET http://52.201.187.226:8000/api/spartans/450
2 > Accept-Encoding: gzip,deflate
2 > Connection: Keep-Alive
2 > Host: 52.201.187.226:8000
2 > User-Agent: Apache-HttpClient/4.5.12 (Java/1.8.0_231)

20:52:45.612 [ForkJoinPool-1-worker-1] DEBUG com.intuit.karate - response time in milliseconds: 107.03
2 < 200
2 < Connection: keep-alive
2 < Content-Type: application/json
2 < Date: Wed, 30 Dec 2020 02:52:44 GMT
2 < Keep-Alive: timeout=60
2 < Transfer-Encoding: chunked
{"id":450,"name":"Tucky","gender":"Male","phone":1231231234}

20:52:45.626 [ForkJoinPool-1-worker-1] DEBUG com.intuit.karate - request:
3 > DELETE http://52.201.187.226:8000/api/spartans/450
3 > Accept-Encoding: gzip,deflate
3 > Connection: Keep-Alive
3 > Host: 52.201.187.226:8000
3 > User-Agent: Apache-HttpClient/4.5.12 (Java/1.8.0_231)

20:52:45.740 [ForkJoinPool-1-worker-1] DEBUG com.intuit.karate - response time in milliseconds: 111.76
3 < 204
3 < Connection: keep-alive
3 < Content-Type: application/json
3 < Date: Wed, 30 Dec 2020 02:52:44 GMT
3 < Keep-Alive: timeout=60

20:52:45.869 [pool-1-thread-1] INFO  com.intuit.karate.Runner - <<pass>> feature 1 of 1: src/test/java/examples/spartans/spartans_actions.feature
20:59:24.828 [main] INFO  com.intuit.karate.Runner - waiting for parallel features to complete ...
20:59:25.146 [ForkJoinPool-1-worker-1] INFO  com.intuit.karate - karate.env system property was:  
20:59:25.833 [ForkJoinPool-1-worker-1] DEBUG com.intuit.karate - request:
1 > GET http://52.201.187.226:8000/api/hello
1 > Accept-Encoding: gzip,deflate
1 > Connection: Keep-Alive
1 > Host: 52.201.187.226:8000
1 > User-Agent: Apache-HttpClient/4.5.12 (Java/1.8.0_231)

20:59:26.202 [ForkJoinPool-1-worker-1] DEBUG com.intuit.karate - response time in milliseconds: 367.19
1 < 200
1 < Connection: keep-alive
1 < Content-Length: 17
1 < Content-Type: text/plain;charset=UTF-8
1 < Date: Wed, 30 Dec 2020 02:59:24 GMT
1 < Keep-Alive: timeout=60
Hello from Sparta

20:59:26.235 [ForkJoinPool-1-worker-1] INFO  com.intuit.karate - karate.env system property was:  
20:59:26.268 [ForkJoinPool-1-worker-1] DEBUG com.intuit.karate - request:
1 > POST http://52.201.187.226:8000/api/spartans
1 > Accept-Encoding: gzip,deflate
1 > Connection: Keep-Alive
1 > Content-Length: 51
1 > Content-Type: application/json; charset=UTF-8
1 > Host: 52.201.187.226:8000
1 > User-Agent: Apache-HttpClient/4.5.12 (Java/1.8.0_231)
{"name":"Tucky","gender":"Male","phone":1231231234}

20:59:26.437 [ForkJoinPool-1-worker-1] DEBUG com.intuit.karate - response time in milliseconds: 145.51
1 < 201
1 < Connection: keep-alive
1 < Content-Type: application/json
1 < Date: Wed, 30 Dec 2020 02:59:24 GMT
1 < Keep-Alive: timeout=60
1 < Location: http://52.201.187.226:8000/api/spartans/564
1 < Transfer-Encoding: chunked
{"success":"A Spartan is Born!","data":{"id":564,"name":"Tucky","gender":"Male","phone":1231231234}}

20:59:26.526 [ForkJoinPool-1-worker-1] DEBUG com.intuit.karate - request:
2 > GET http://52.201.187.226:8000/api/spartans/564
2 > Accept-Encoding: gzip,deflate
2 > Connection: Keep-Alive
2 > Host: 52.201.187.226:8000
2 > User-Agent: Apache-HttpClient/4.5.12 (Java/1.8.0_231)

20:59:26.651 [ForkJoinPool-1-worker-1] DEBUG com.intuit.karate - response time in milliseconds: 123.65
2 < 200
2 < Connection: keep-alive
2 < Content-Type: application/json
2 < Date: Wed, 30 Dec 2020 02:59:24 GMT
2 < Keep-Alive: timeout=60
2 < Transfer-Encoding: chunked
{"id":564,"name":"Tucky","gender":"Male","phone":1231231234}

20:59:26.660 [ForkJoinPool-1-worker-1] DEBUG com.intuit.karate - request:
3 > PUT http://52.201.187.226:8000/api/spartans/564
3 > Accept-Encoding: gzip,deflate
3 > Connection: Keep-Alive
3 > Content-Length: 56
3 > Content-Type: application/json; charset=UTF-8
3 > Host: 52.201.187.226:8000
3 > User-Agent: Apache-HttpClient/4.5.12 (Java/1.8.0_231)
{"name":"Virginia","gender":"Female","phone":1231231230}

20:59:26.764 [ForkJoinPool-1-worker-1] DEBUG com.intuit.karate - response time in milliseconds: 102.80
3 < 204
3 < Connection: keep-alive
3 < Date: Wed, 30 Dec 2020 02:59:24 GMT
3 < Keep-Alive: timeout=60

20:59:26.768 [ForkJoinPool-1-worker-1] DEBUG com.intuit.karate - request:
4 > DELETE http://52.201.187.226:8000/api/spartans/564
4 > Accept-Encoding: gzip,deflate
4 > Connection: Keep-Alive
4 > Host: 52.201.187.226:8000
4 > User-Agent: Apache-HttpClient/4.5.12 (Java/1.8.0_231)

20:59:26.895 [ForkJoinPool-1-worker-1] DEBUG com.intuit.karate - response time in milliseconds: 113.89
4 < 204
4 < Connection: keep-alive
4 < Content-Type: application/json
4 < Date: Wed, 30 Dec 2020 02:59:24 GMT
4 < Keep-Alive: timeout=60

20:59:27.049 [pool-1-thread-1] INFO  com.intuit.karate.Runner - <<pass>> feature 1 of 1: src/test/java/examples/spartans/spartans_actions.feature
